{"C:\\Users\\dell\\Desktop\\zynovexa.app\\frontend\\src\\app\\auth\\login\\page.tsx": {"path":"C:\\Users\\dell\\Desktop\\zynovexa.app\\frontend\\src\\app\\auth\\login\\page.tsx","statementMap":{"0":{"start":{"line":7,"column":0},"end":{"line":7,"column":24}},"1":{"start":{"line":3,"column":0},"end":{"line":3,"column":40}},"2":{"start":{"line":4,"column":0},"end":{"line":4,"column":44}},"3":{"start":{"line":5,"column":0},"end":{"line":5,"column":54}},"4":{"start":{"line":8,"column":17},"end":{"line":8,"column":28}},"5":{"start":{"line":9,"column":28},"end":{"line":9,"column":40}},"6":{"start":{"line":10,"column":34},"end":{"line":10,"column":46}},"7":{"start":{"line":11,"column":28},"end":{"line":11,"column":40}},"8":{"start":{"line":12,"column":32},"end":{"line":12,"column":47}},"9":{"start":{"line":14,"column":23},"end":{"line":26,"column":3}},"10":{"start":{"line":15,"column":4},"end":{"line":15,"column":23}},"11":{"start":{"line":16,"column":4},"end":{"line":16,"column":17}},"12":{"start":{"line":17,"column":4},"end":{"line":17,"column":21}},"13":{"start":{"line":18,"column":4},"end":{"line":25,"column":5}},"14":{"start":{"line":19,"column":6},"end":{"line":19,"column":51}},"15":{"start":{"line":20,"column":6},"end":{"line":20,"column":32}},"16":{"start":{"line":22,"column":6},"end":{"line":22,"column":63}},"17":{"start":{"line":24,"column":6},"end":{"line":24,"column":24}},"18":{"start":{"line":28,"column":2},"end":{"line":58,"column":4}},"19":{"start":{"line":38,"column":29},"end":{"line":38,"column":53}},"20":{"start":{"line":48,"column":29},"end":{"line":48,"column":56}}},"fnMap":{"0":{"name":"LoginPage","decl":{"start":{"line":7,"column":24},"end":{"line":7,"column":33}},"loc":{"start":{"line":7,"column":33},"end":{"line":59,"column":1}}},"1":{"name":"(anonymous_1)","decl":{"start":{"line":14,"column":23},"end":{"line":14,"column":28}},"loc":{"start":{"line":14,"column":52},"end":{"line":26,"column":3}}},"2":{"name":"(anonymous_2)","decl":{"start":{"line":38,"column":22},"end":{"line":38,"column":23}},"loc":{"start":{"line":38,"column":29},"end":{"line":38,"column":53}}},"3":{"name":"(anonymous_3)","decl":{"start":{"line":48,"column":22},"end":{"line":48,"column":23}},"loc":{"start":{"line":48,"column":29},"end":{"line":48,"column":56}}}},"branchMap":{"0":{"loc":{"start":{"line":52,"column":9},"end":{"line":52,"column":32}},"type":"binary-expr","locations":[{"start":{"line":52,"column":9},"end":{"line":52,"column":14}},{"start":{"line":52,"column":18},"end":{"line":52,"column":32}}]},"1":{"loc":{"start":{"line":54,"column":11},"end":{"line":54,"column":46}},"type":"cond-expr","locations":[{"start":{"line":54,"column":21},"end":{"line":54,"column":36}},{"start":{"line":54,"column":39},"end":{"line":54,"column":46}}]}},"s":{"0":1,"1":1,"2":1,"3":1,"4":11,"5":11,"6":11,"7":11,"8":11,"9":11,"10":2,"11":2,"12":2,"13":2,"14":2,"15":1,"16":1,"17":2,"18":11,"19":2,"20":2},"f":{"0":11,"1":2,"2":2,"3":2},"b":{"0":[11,1],"1":[2,9]}}
,"C:\\Users\\dell\\Desktop\\zynovexa.app\\frontend\\src\\app\\dashboard\\page.tsx": {"path":"C:\\Users\\dell\\Desktop\\zynovexa.app\\frontend\\src\\app\\dashboard\\page.tsx","statementMap":{"0":{"start":{"line":6,"column":0},"end":{"line":6,"column":24}},"1":{"start":{"line":3,"column":0},"end":{"line":3,"column":51}},"2":{"start":{"line":4,"column":0},"end":{"line":4,"column":85}},"3":{"start":{"line":7,"column":32},"end":{"line":7,"column":46}},"4":{"start":{"line":8,"column":28},"end":{"line":8,"column":65}},"5":{"start":{"line":10,"column":2},"end":{"line":31,"column":9}},"6":{"start":{"line":11,"column":18},"end":{"line":11,"column":22}},"7":{"start":{"line":13,"column":22},"end":{"line":24,"column":5}},"8":{"start":{"line":14,"column":6},"end":{"line":23,"column":7}},"9":{"start":{"line":15,"column":21},"end":{"line":15,"column":54}},"10":{"start":{"line":16,"column":8},"end":{"line":18,"column":9}},"11":{"start":{"line":17,"column":10},"end":{"line":17,"column":25}},"12":{"start":{"line":20,"column":8},"end":{"line":22,"column":9}},"13":{"start":{"line":21,"column":10},"end":{"line":21,"column":28}},"14":{"start":{"line":26,"column":4},"end":{"line":26,"column":16}},"15":{"start":{"line":28,"column":4},"end":{"line":30,"column":6}},"16":{"start":{"line":29,"column":6},"end":{"line":29,"column":22}},"17":{"start":{"line":33,"column":2},"end":{"line":49,"column":4}}},"fnMap":{"0":{"name":"DashboardPage","decl":{"start":{"line":6,"column":24},"end":{"line":6,"column":37}},"loc":{"start":{"line":6,"column":37},"end":{"line":50,"column":1}}},"1":{"name":"(anonymous_1)","decl":{"start":{"line":10,"column":12},"end":{"line":10,"column":15}},"loc":{"start":{"line":10,"column":17},"end":{"line":31,"column":3}}},"2":{"name":"(anonymous_2)","decl":{"start":{"line":13,"column":22},"end":{"line":13,"column":27}},"loc":{"start":{"line":13,"column":33},"end":{"line":24,"column":5}}},"3":{"name":"(anonymous_3)","decl":{"start":{"line":28,"column":11},"end":{"line":28,"column":14}},"loc":{"start":{"line":28,"column":16},"end":{"line":30,"column":5}}}},"branchMap":{"0":{"loc":{"start":{"line":16,"column":8},"end":{"line":18,"column":9}},"type":"if","locations":[{"start":{"line":16,"column":8},"end":{"line":18,"column":9}}]},"1":{"loc":{"start":{"line":20,"column":8},"end":{"line":22,"column":9}},"type":"if","locations":[{"start":{"line":20,"column":8},"end":{"line":22,"column":9}}]},"2":{"loc":{"start":{"line":37,"column":7},"end":{"line":37,"column":45}},"type":"binary-expr","locations":[{"start":{"line":37,"column":7},"end":{"line":37,"column":14}},{"start":{"line":37,"column":18},"end":{"line":37,"column":45}}]},"3":{"loc":{"start":{"line":39,"column":7},"end":{"line":39,"column":64}},"type":"binary-expr","locations":[{"start":{"line":39,"column":7},"end":{"line":39,"column":15}},{"start":{"line":39,"column":19},"end":{"line":39,"column":25}},{"start":{"line":39,"column":29},"end":{"line":39,"column":64}}]},"4":{"loc":{"start":{"line":41,"column":7},"end":{"line":46,"column":null}},"type":"binary-expr","locations":[{"start":{"line":41,"column":7},"end":{"line":41,"column":15}},{"start":{"line":41,"column":19},"end":{"line":41,"column":24}},{"start":{"line":42,"column":8},"end":{"line":45,"column":null}}]}},"s":{"0":1,"1":1,"2":1,"3":5,"4":5,"5":5,"6":3,"7":3,"8":3,"9":3,"10":2,"11":2,"12":2,"13":2,"14":3,"15":3,"16":3,"17":5},"f":{"0":5,"1":3,"2":3,"3":3},"b":{"0":[2],"1":[2],"2":[5,3],"3":[5,2,1],"4":[5,2,1]}}
,"C:\\Users\\dell\\Desktop\\zynovexa.app\\frontend\\src\\services\\auth.service.ts": {"path":"C:\\Users\\dell\\Desktop\\zynovexa.app\\frontend\\src\\services\\auth.service.ts","statementMap":{"0":{"start":{"line":1,"column":0},"end":{"line":1,"column":26}},"1":{"start":{"line":3,"column":16},"end":{"line":3,"column":78}},"2":{"start":{"line":10,"column":13},"end":{"line":32,"column":2}},"3":{"start":{"line":12,"column":21},"end":{"line":12,"column":78}},"4":{"start":{"line":13,"column":31},"end":{"line":13,"column":44}},"5":{"start":{"line":14,"column":4},"end":{"line":14,"column":46}},"6":{"start":{"line":15,"column":4},"end":{"line":15,"column":16}},"7":{"start":{"line":19,"column":21},"end":{"line":19,"column":68}},"8":{"start":{"line":20,"column":31},"end":{"line":20,"column":44}},"9":{"start":{"line":21,"column":4},"end":{"line":21,"column":46}},"10":{"start":{"line":22,"column":4},"end":{"line":22,"column":16}},"11":{"start":{"line":26,"column":4},"end":{"line":26,"column":37}},"12":{"start":{"line":30,"column":4},"end":{"line":30,"column":41}}},"fnMap":{"0":{"name":"(anonymous_1)","decl":{"start":{"line":11,"column":2},"end":{"line":11,"column":7}},"loc":{"start":{"line":11,"column":54},"end":{"line":16,"column":3}}},"1":{"name":"(anonymous_2)","decl":{"start":{"line":18,"column":2},"end":{"line":18,"column":7}},"loc":{"start":{"line":18,"column":69},"end":{"line":23,"column":3}}},"2":{"name":"(anonymous_3)","decl":{"start":{"line":25,"column":2},"end":{"line":25,"column":8}},"loc":{"start":{"line":25,"column":8},"end":{"line":27,"column":3}}},"3":{"name":"(anonymous_4)","decl":{"start":{"line":29,"column":2},"end":{"line":29,"column":10}},"loc":{"start":{"line":29,"column":10},"end":{"line":31,"column":3}}}},"branchMap":{"0":{"loc":{"start":{"line":3,"column":16},"end":{"line":3,"column":78}},"type":"binary-expr","locations":[{"start":{"line":3,"column":16},"end":{"line":3,"column":47}},{"start":{"line":3,"column":51},"end":{"line":3,"column":78}}]}},"s":{"0":2,"1":2,"2":2,"3":1,"4":1,"5":1,"6":1,"7":1,"8":1,"9":1,"10":1,"11":1,"12":0},"f":{"0":1,"1":1,"2":1,"3":0},"b":{"0":[2,2]}}
,"C:\\Users\\dell\\Desktop\\zynovexa.app\\frontend\\src\\services\\dashboard.service.ts": {"path":"C:\\Users\\dell\\Desktop\\zynovexa.app\\frontend\\src\\services\\dashboard.service.ts","statementMap":{"0":{"start":{"line":7,"column":13},"end":{"line":16,"column":2}},"1":{"start":{"line":10,"column":4},"end":{"line":14,"column":6}}},"fnMap":{"0":{"name":"(anonymous_0)","decl":{"start":{"line":8,"column":2},"end":{"line":8,"column":7}},"loc":{"start":{"line":8,"column":16},"end":{"line":15,"column":3}}}},"branchMap":{},"s":{"0":0,"1":0},"f":{"0":0},"b":{}}
}
