TN:
SF:src\app\auth\login\page.tsx
FN:7,LoginPage
FN:14,(anonymous_1)
FN:38,(anonymous_2)
FN:48,(anonymous_3)
FNF:4
FNH:4
FNDA:11,LoginPage
FNDA:2,(anonymous_1)
FNDA:2,(anonymous_2)
FNDA:2,(anonymous_3)
DA:3,1
DA:4,1
DA:5,1
DA:7,1
DA:8,11
DA:9,11
DA:10,11
DA:11,11
DA:12,11
DA:14,11
DA:15,2
DA:16,2
DA:17,2
DA:18,2
DA:19,2
DA:20,1
DA:22,1
DA:24,2
DA:28,11
DA:38,2
DA:48,2
LF:21
LH:21
BRDA:52,0,0,11
BRDA:52,0,1,1
BRDA:54,1,0,2
BRDA:54,1,1,9
BRF:4
BRH:4
end_of_record
TN:
SF:src\app\dashboard\page.tsx
FN:6,DashboardPage
FN:10,(anonymous_1)
FN:13,(anonymous_2)
FN:28,(anonymous_3)
FNF:4
FNH:4
FNDA:5,DashboardPage
FNDA:3,(anonymous_1)
FNDA:3,(anonymous_2)
FNDA:3,(anonymous_3)
DA:3,1
DA:4,1
DA:6,1
DA:7,5
DA:8,5
DA:10,5
DA:11,3
DA:13,3
DA:14,3
DA:15,3
DA:16,2
DA:17,2
DA:20,2
DA:21,2
DA:26,3
DA:28,3
DA:29,3
DA:33,5
LF:18
LH:18
BRDA:16,0,0,2
BRDA:20,1,0,2
BRDA:37,2,0,5
BRDA:37,2,1,3
BRDA:39,3,0,5
BRDA:39,3,1,2
BRDA:39,3,2,1
BRDA:41,4,0,5
BRDA:41,4,1,2
BRDA:41,4,2,1
BRF:10
BRH:10
end_of_record
TN:
SF:src\services\auth.service.ts
FN:11,(anonymous_1)
FN:18,(anonymous_2)
FN:25,(anonymous_3)
FN:29,(anonymous_4)
FNF:4
FNH:3
FNDA:1,(anonymous_1)
FNDA:1,(anonymous_2)
FNDA:1,(anonymous_3)
FNDA:0,(anonymous_4)
DA:1,2
DA:3,2
DA:10,2
DA:12,1
DA:13,1
DA:14,1
DA:15,1
DA:19,1
DA:20,1
DA:21,1
DA:22,1
DA:26,1
DA:30,0
LF:13
LH:12
BRDA:3,0,0,2
BRDA:3,0,1,2
BRF:2
BRH:2
end_of_record
TN:
SF:src\services\dashboard.service.ts
FN:8,(anonymous_0)
FNF:1
FNH:0
FNDA:0,(anonymous_0)
DA:7,0
DA:10,0
LF:2
LH:0
BRF:0
BRH:0
end_of_record
